video_player/example/build/app/intermediates/manifest_merge_blame_file/release/manifest-merger-blame-release-report.txt
1<?xml version="1.0" encoding="utf-8"?>
2<manifest xmlns:android="http://schemas.android.com/apk/res/android"
3    package="io.flutter.plugins.videoplayerexample"
4    android:versionCode="1"
5    android:versionName="1.0" >
6
7    <uses-sdk
8        android:minSdkVersion="21"
8-->src\main\AndroidManifest.xml
9        android:targetSdkVersion="29" />
9-->src\main\AndroidManifest.xml
10
11    <uses-permission android:name="android.permission.INTERNET" />
11-->src\main\AndroidManifest.xml:22:3-64
11-->src\main\AndroidManifest.xml:22:20-62
12    <uses-permission android:name="android.permission.READ_INTERNAL_STORAGE" />
12-->src\main\AndroidManifest.xml:23:3-78
12-->src\main\AndroidManifest.xml:23:20-75
13    <uses-permission android:name="android.permission.READ_EXTERNAL_STORAGE" />
13-->src\main\AndroidManifest.xml:24:3-78
13-->src\main\AndroidManifest.xml:24:20-75
14    <uses-permission android:name="android.permission.WRITE_EXTERNAL_STORAGE" />
14-->src\main\AndroidManifest.xml:25:3-79
14-->src\main\AndroidManifest.xml:25:20-76
15    <uses-permission android:name="android.permission.ACCESS_NETWORK_STATE" />
15-->[com.google.android.exoplayer:exoplayer-core:2.18.7] AndroidManifest.xml:24:5-79
15-->[com.google.android.exoplayer:exoplayer-core:2.18.7] AndroidManifest.xml:24:22-76
16
17    <application
17-->src\main\AndroidManifest.xml:4:3-20:17
18        android:appComponentFactory="androidx.core.app.CoreComponentFactory"
18-->[androidx.core:core:1.7.0] AndroidManifest.xml:24:18-86
19        android:icon="@mipmap/ic_launcher"
19-->src\main\AndroidManifest.xml:5:5-39
20        android:label="video_player_example"
20-->src\main\AndroidManifest.xml:6:5-41
21        android:networkSecurityConfig="@xml/network_security_config" >
21-->src\main\AndroidManifest.xml:7:5-65
22        <activity
22-->src\main\AndroidManifest.xml:8:5-18:16
23            android:name="io.flutter.embedding.android.FlutterActivity"
23-->src\main\AndroidManifest.xml:11:7-66
24            android:configChanges="orientation|keyboardHidden|keyboard|screenSize|locale|layoutDirection"
24-->src\main\AndroidManifest.xml:9:7-100
25            android:hardwareAccelerated="true"
25-->src\main\AndroidManifest.xml:10:7-41
26            android:theme="@style/LaunchTheme"
26-->src\main\AndroidManifest.xml:12:7-41
27            android:windowSoftInputMode="adjustResize" >
27-->src\main\AndroidManifest.xml:13:7-49
28            <intent-filter>
28-->src\main\AndroidManifest.xml:14:7-17:23
29                <action android:name="android.intent.action.MAIN" />
29-->src\main\AndroidManifest.xml:15:9-60
29-->src\main\AndroidManifest.xml:15:17-58
30
31                <category android:name="android.intent.category.LAUNCHER" />
31-->src\main\AndroidManifest.xml:16:9-68
31-->src\main\AndroidManifest.xml:16:19-66
32            </intent-filter>
33        </activity>
34
35        <meta-data
35-->src\main\AndroidManifest.xml:19:5-67
36            android:name="flutterEmbedding"
36-->src\main\AndroidManifest.xml:19:16-47
37            android:value="2" />
37-->src\main\AndroidManifest.xml:19:48-65
38
39        <uses-library
39-->[androidx.window:window:1.0.0-beta04] AndroidManifest.xml:25:9-27:40
40            android:name="androidx.window.extensions"
40-->[androidx.window:window:1.0.0-beta04] AndroidManifest.xml:26:13-54
41            android:required="false" />
41-->[androidx.window:window:1.0.0-beta04] AndroidManifest.xml:27:13-37
42        <uses-library
42-->[androidx.window:window:1.0.0-beta04] AndroidManifest.xml:28:9-30:40
43            android:name="androidx.window.sidecar"
43-->[androidx.window:window:1.0.0-beta04] AndroidManifest.xml:29:13-51
44            android:required="false" />
44-->[androidx.window:window:1.0.0-beta04] AndroidManifest.xml:30:13-37
45    </application>
46
47</manifest>